[debug] [2026-04-17T16:27:23.331Z] ----------------------------------------------------------------------
[debug] [2026-04-17T16:27:23.333Z] Command:       C:\Program Files\nodejs\node.exe C:\Users\DELL\AppData\Roaming\npm\node_modules\firebase-tools\lib\bin\firebase.js init hosting
[debug] [2026-04-17T16:27:23.334Z] CLI Version:   15.15.0
[debug] [2026-04-17T16:27:23.334Z] Platform:      win32
[debug] [2026-04-17T16:27:23.334Z] Node Version:  v24.14.0
[debug] [2026-04-17T16:27:23.335Z] Time:          Fri Apr 17 2026 21:57:23 GMT+0530 (India Standard Time)
[debug] [2026-04-17T16:27:23.335Z] ----------------------------------------------------------------------
[debug] 
[info] 
     ######## #### ########  ######## ########     ###     ######  ########
     ##        ##  ##     ## ##       ##     ##  ##   ##  ##       ##
     ######    ##  ########  ######   ########  #########  ######  ######
     ##        ##  ##    ##  ##       ##     ## ##     ##       ## ##
     ##       #### ##     ## ######## ########  ##     ##  ######  ########

You're about to initialize a Firebase project in this directory:

  C:\Users\DELL\Desktop\learning\as-1\tekbook

[info] 
=== Project Setup
[info] 
[info] First, let's associate this project directory with a Firebase project.
[info] You can create multiple project aliases by running firebase use --add, 
[info] 
[debug] [2026-04-17T16:27:33.315Z] > command requires scopes: ["email","openid","https://www.googleapis.com/auth/cloudplatformprojects.readonly","https://www.googleapis.com/auth/firebase","https://www.googleapis.com/auth/cloud-platform"]
[debug] [2026-04-17T16:27:33.316Z] > authorizing via signed-in user (sureshts2505@gmail.com)
[debug] [2026-04-17T16:27:33.320Z] Checked if tokens are valid: true, expires at: 1776444872949
[debug] [2026-04-17T16:27:33.323Z] Checked if tokens are valid: true, expires at: 1776444872949
[debug] [2026-04-17T16:27:33.327Z] >>> [apiv2][query] GET https://firebase.googleapis.com/v1beta1/projects/production [none]
[debug] [2026-04-17T16:27:35.955Z] <<< [apiv2][status] GET https://firebase.googleapis.com/v1beta1/projects/production 403
[debug] [2026-04-17T16:27:35.955Z] <<< [apiv2][body] GET https://firebase.googleapis.com/v1beta1/projects/production {"error":{"code":403,"message":"The caller does not have permission","status":"PERMISSION_DENIED"}}
[debug] [2026-04-17T16:27:35.956Z] Request to https://firebase.googleapis.com/v1beta1/projects/production had HTTP Error: 403, The caller does not have permission
[debug] [2026-04-17T16:27:37.477Z] FirebaseError: Request to https://firebase.googleapis.com/v1beta1/projects/production had HTTP Error: 403, The caller does not have permission
    at responseToError (C:\Users\DELL\AppData\Roaming\npm\node_modules\firebase-tools\lib\responseToError.js:53:12)
    at RetryOperation._fn (C:\Users\DELL\AppData\Roaming\npm\node_modules\firebase-tools\lib\apiv2.js:333:77)
    at process.processTicksAndRejections (node:internal/process/task_queues:104:5)
[error] 
[error] Error: Failed to get Firebase project production. Please make sure the project exists and your account has permission to access it.
